[Fri Apr  8 20:30:41 2016] [info] AtStartup: 49435: Fri Apr  8 20:30:41 2016
[Fri Apr  8 20:30:41 2016] [info] Listening at "http://*:8080"
[Fri Apr  8 20:30:41 2016] [info] Manager 49436 started
[Fri Apr  8 20:30:41 2016] [info] Creating process id file "/Users/bpm/playground/AtStartup/Mojolicious-Plugin-AtStartup/eg/hypnotoad.pid"
[Fri Apr  8 20:30:41 2016] [debug] Worker 49437 started
[Fri Apr  8 20:30:41 2016] [debug] Worker 49438 started
[Fri Apr  8 20:30:41 2016] [debug] Worker 49439 started
[Fri Apr  8 20:30:41 2016] [debug] Worker 49440 started
[Fri Apr  8 20:30:50 2016] [info] AtStartup: 49443: Fri Apr  8 20:30:50 2016
[Fri Apr  8 20:30:50 2016] [info] Starting zero downtime software upgrade
[Fri Apr  8 20:30:51 2016] [info] AtStartup: 49444: Fri Apr  8 20:30:51 2016
[Fri Apr  8 20:30:51 2016] [info] Listening at "http://*:8080"
[Fri Apr  8 20:30:51 2016] [info] Manager 49444 started
[Fri Apr  8 20:30:51 2016] [debug] Worker 49445 started
[Fri Apr  8 20:30:51 2016] [debug] Worker 49447 started
[Fri Apr  8 20:30:51 2016] [debug] Worker 49446 started
[Fri Apr  8 20:30:51 2016] [debug] Worker 49448 started
[Fri Apr  8 20:30:51 2016] [info] Upgrade successful, stopping 49436
[Fri Apr  8 20:30:51 2016] [debug] Stopping worker 49437 gracefully
[Fri Apr  8 20:30:51 2016] [debug] Stopping worker 49440 gracefully
[Fri Apr  8 20:30:51 2016] [debug] Stopping worker 49438 gracefully
[Fri Apr  8 20:30:51 2016] [debug] Stopping worker 49439 gracefully
[Fri Apr  8 20:30:51 2016] [debug] Worker 49440 stopped
[Fri Apr  8 20:30:51 2016] [debug] Worker 49439 stopped
[Fri Apr  8 20:30:51 2016] [debug] Worker 49438 stopped
[Fri Apr  8 20:30:51 2016] [debug] Worker 49437 stopped
[Fri Apr  8 20:30:52 2016] [info] Creating process id file "/Users/bpm/playground/AtStartup/Mojolicious-Plugin-AtStartup/eg/hypnotoad.pid"
[Fri Apr  8 20:31:05 2016] [debug] Stopping worker 49445 gracefully
[Fri Apr  8 20:31:05 2016] [debug] Stopping worker 49448 gracefully
[Fri Apr  8 20:31:05 2016] [debug] Stopping worker 49447 gracefully
[Fri Apr  8 20:31:05 2016] [debug] Stopping worker 49446 gracefully
[Fri Apr  8 20:31:05 2016] [debug] Worker 49448 stopped
[Fri Apr  8 20:31:05 2016] [debug] Worker 49447 stopped
[Fri Apr  8 20:31:05 2016] [debug] Worker 49446 stopped
[Fri Apr  8 20:31:05 2016] [debug] Worker 49445 stopped
